<?xml version="1.0" encoding="UTF-8"?>
<!-- Generated by org.testng.reporters.JUnitXMLReporter -->
<testsuite ignored="0" hostname="QT-INBG-LT0881" failures="0" tests="3" name="Default test" time="67.652" errors="0" timestamp="2021-06-25T17:16:37 IST">
  <testcase classname="module1.Category" name="category" time="30.626"/>
  <testcase classname="module1.Category" name="category" time="23.912"/>
  <testcase classname="module1.Category" name="category" time="8.245"/>
</testsuite> <!-- Default test -->
