<?xml version="1.0" encoding="UTF-8"?>
<!-- Generated by org.testng.reporters.JUnitXMLReporter -->
<testsuite ignored="0" hostname="QT-INBG-LT0881" failures="0" tests="1" name="countgooglesearch" time="6.385" errors="0" timestamp="2021-06-24T15:23:36 IST">
  <testcase classname="resources.base" name="@AfterMethod getResult" time="0.003">
    <failure type="java.lang.NullPointerException" message="Cannot invoke &amp;quot;com.aventstack.extentreports.ExtentTest.createNode(String)&amp;quot; because &amp;quot;resources.base.test&amp;quot; is null">
      <![CDATA[java.lang.NullPointerException: Cannot invoke "com.aventstack.extentreports.ExtentTest.createNode(String)" because "resources.base.test" is null
at resources.base.getResult(base.java:63)
at java.base/java.util.ArrayList.forEach(ArrayList.java:1511)
... Removed 32 stack frames]]>
    </failure>
  </testcase> <!-- @AfterMethod getResult -->
  <testcase classname="countgooglesearch.googlesearch_count" name="resultcount" time="6.347"/>
</testsuite> <!-- countgooglesearch -->
