<?xml version="1.0" encoding="UTF-8"?>
<!-- Generated by org.testng.reporters.JUnitXMLReporter -->
<testsuite ignored="2" hostname="QT-INBG-LT0881" failures="0" tests="2" name="module2" time="11.146" errors="0" timestamp="2021-06-04T17:52:47 IST">
  <testcase classname="module2.Activity_page" name="NameINLeft" time="7.697"/>
  <testcase classname="module2.CheckTitle_activity" name="activity_title" time="3.441"/>
  <testcase classname="resources.base" name="@AfterSuite aft" time="0.0">
    <ignored/>
  </testcase> <!-- @AfterSuite aft -->
  <testcase classname="resources.base" name="@BeforeSuite bsuite" time="0.0">
    <ignored/>
  </testcase> <!-- @BeforeSuite bsuite -->
</testsuite> <!-- module2 -->
