<?xml version="1.0" encoding="UTF-8"?>
<!-- Generated by org.testng.reporters.JUnitXMLReporter -->
<testsuite ignored="8" hostname="QT-INBG-LT0881" failures="0" tests="5" name="module3" time="81.054" errors="0" timestamp="2021-06-04T11:49:25 IST">
  <testcase classname="module3.CitationCheck" name="sendkudos" time="12.089"/>
  <testcase classname="module3.Confirmation_msg" name="sendkudos" time="13.639"/>
  <testcase classname="module3.SelectDiselect" name="sendkudos" time="14.244"/>
  <testcase classname="module3.Send_multipl_kudos" name="sendkudos" time="23.314"/>
  <testcase classname="module3.send_one_kudo" name="sendkudos" time="17.756"/>
  <testcase classname="resources.base" name="@AfterSuite aft" time="0.0">
    <ignored/>
  </testcase> <!-- @AfterSuite aft -->
  <testcase classname="resources.base" name="@AfterSuite aft" time="0.0">
    <ignored/>
  </testcase> <!-- @AfterSuite aft -->
  <testcase classname="resources.base" name="@AfterSuite aft" time="0.0">
    <ignored/>
  </testcase> <!-- @AfterSuite aft -->
  <testcase classname="resources.base" name="@AfterSuite aft" time="0.0">
    <ignored/>
  </testcase> <!-- @AfterSuite aft -->
  <testcase classname="resources.base" name="@BeforeSuite bsuite" time="0.0">
    <ignored/>
  </testcase> <!-- @BeforeSuite bsuite -->
  <testcase classname="resources.base" name="@BeforeSuite bsuite" time="0.0">
    <ignored/>
  </testcase> <!-- @BeforeSuite bsuite -->
  <testcase classname="resources.base" name="@BeforeSuite bsuite" time="0.0">
    <ignored/>
  </testcase> <!-- @BeforeSuite bsuite -->
  <testcase classname="resources.base" name="@BeforeSuite bsuite" time="0.0">
    <ignored/>
  </testcase> <!-- @BeforeSuite bsuite -->
</testsuite> <!-- module3 -->
